
*** Running vivado
    with args -log design_dma_sg_xbar_0.vds -m64 -product Vivado -mode batch -messageDb vivado.pb -notrace -source design_dma_sg_xbar_0.tcl


****** Vivado v2016.4 (64-bit)
  **** SW Build 1756540 on Mon Jan 23 19:11:23 MST 2017
  **** IP Build 1755317 on Mon Jan 23 20:30:07 MST 2017
    ** Copyright 1986-2016 Xilinx, Inc. All Rights Reserved.

source design_dma_sg_xbar_0.tcl -notrace
Starting RTL Elaboration : Time (s): cpu = 00:00:12 ; elapsed = 00:00:13 . Memory (MB): peak = 355.738 ; gain = 145.602
INFO: [Synth 8-638] synthesizing module 'design_dma_sg_xbar_0' [c:/Users/kab/Desktop/workspace/dma_sg_prj/dma_sg_prj.srcs/sources_1/bd/design_dma_sg/ip/design_dma_sg_xbar_0/synth/design_dma_sg_xbar_0.v:59]
INFO: [Synth 8-638] synthesizing module 'axi_crossbar_v2_1_12_axi_crossbar' [c:/Users/kab/Desktop/workspace/dma_sg_prj/dma_sg_prj.srcs/sources_1/bd/design_dma_sg/ipshared/896d/hdl/axi_crossbar_v2_1_vl_rfs.v:4882]
INFO: [Synth 8-638] synthesizing module 'axi_crossbar_v2_1_12_crossbar' [c:/Users/kab/Desktop/workspace/dma_sg_prj/dma_sg_prj.srcs/sources_1/bd/design_dma_sg/ipshared/896d/hdl/axi_crossbar_v2_1_vl_rfs.v:2239]
INFO: [Synth 8-638] synthesizing module 'axi_crossbar_v2_1_12_si_transactor' [c:/Users/kab/Desktop/workspace/dma_sg_prj/dma_sg_prj.srcs/sources_1/bd/design_dma_sg/ipshared/896d/hdl/axi_crossbar_v2_1_vl_rfs.v:3798]
INFO: [Synth 8-638] synthesizing module 'axi_crossbar_v2_1_12_addr_decoder' [c:/Users/kab/Desktop/workspace/dma_sg_prj/dma_sg_prj.srcs/sources_1/bd/design_dma_sg/ipshared/896d/hdl/axi_crossbar_v2_1_vl_rfs.v:794]
INFO: [Synth 8-638] synthesizing module 'generic_baseblocks_v2_1_0_comparator_static' [c:/Users/kab/Desktop/workspace/dma_sg_prj/dma_sg_prj.srcs/sources_1/bd/design_dma_sg/ipshared/7ee0/hdl/generic_baseblocks_v2_1_vl_rfs.v:2133]
INFO: [Synth 8-638] synthesizing module 'generic_baseblocks_v2_1_0_carry_and' [c:/Users/kab/Desktop/workspace/dma_sg_prj/dma_sg_prj.srcs/sources_1/bd/design_dma_sg/ipshared/7ee0/hdl/generic_baseblocks_v2_1_vl_rfs.v:62]
INFO: [Synth 8-256] done synthesizing module 'generic_baseblocks_v2_1_0_carry_and' (1#1) [c:/Users/kab/Desktop/workspace/dma_sg_prj/dma_sg_prj.srcs/sources_1/bd/design_dma_sg/ipshared/7ee0/hdl/generic_baseblocks_v2_1_vl_rfs.v:62]
INFO: [Synth 8-256] done synthesizing module 'generic_baseblocks_v2_1_0_comparator_static' (2#1) [c:/Users/kab/Desktop/workspace/dma_sg_prj/dma_sg_prj.srcs/sources_1/bd/design_dma_sg/ipshared/7ee0/hdl/generic_baseblocks_v2_1_vl_rfs.v:2133]
INFO: [Synth 8-256] done synthesizing module 'axi_crossbar_v2_1_12_addr_decoder' (3#1) [c:/Users/kab/Desktop/workspace/dma_sg_prj/dma_sg_prj.srcs/sources_1/bd/design_dma_sg/ipshared/896d/hdl/axi_crossbar_v2_1_vl_rfs.v:794]
INFO: [Synth 8-638] synthesizing module 'axi_data_fifo_v2_1_10_axic_srl_fifo' [c:/Users/kab/Desktop/workspace/dma_sg_prj/dma_sg_prj.srcs/sources_1/bd/design_dma_sg/ipshared/39ba/hdl/axi_data_fifo_v2_1_vl_rfs.v:698]
INFO: [Synth 8-638] synthesizing module 'axi_data_fifo_v2_1_10_ndeep_srl' [c:/Users/kab/Desktop/workspace/dma_sg_prj/dma_sg_prj.srcs/sources_1/bd/design_dma_sg/ipshared/39ba/hdl/axi_data_fifo_v2_1_vl_rfs.v:1134]
INFO: [Synth 8-638] synthesizing module 'SRLC32E' [C:/Xilinx/Vivado/2016.4/scripts/rt/data/unisim_comp.v:43478]
INFO: [Synth 8-256] done synthesizing module 'SRLC32E' (4#1) [C:/Xilinx/Vivado/2016.4/scripts/rt/data/unisim_comp.v:43478]
INFO: [Synth 8-256] done synthesizing module 'axi_data_fifo_v2_1_10_ndeep_srl' (5#1) [c:/Users/kab/Desktop/workspace/dma_sg_prj/dma_sg_prj.srcs/sources_1/bd/design_dma_sg/ipshared/39ba/hdl/axi_data_fifo_v2_1_vl_rfs.v:1134]
INFO: [Synth 8-256] done synthesizing module 'axi_data_fifo_v2_1_10_axic_srl_fifo' (6#1) [c:/Users/kab/Desktop/workspace/dma_sg_prj/dma_sg_prj.srcs/sources_1/bd/design_dma_sg/ipshared/39ba/hdl/axi_data_fifo_v2_1_vl_rfs.v:698]
INFO: [Synth 8-638] synthesizing module 'generic_baseblocks_v2_1_0_mux_enc' [c:/Users/kab/Desktop/workspace/dma_sg_prj/dma_sg_prj.srcs/sources_1/bd/design_dma_sg/ipshared/7ee0/hdl/generic_baseblocks_v2_1_vl_rfs.v:2452]
INFO: [Synth 8-256] done synthesizing module 'generic_baseblocks_v2_1_0_mux_enc' (7#1) [c:/Users/kab/Desktop/workspace/dma_sg_prj/dma_sg_prj.srcs/sources_1/bd/design_dma_sg/ipshared/7ee0/hdl/generic_baseblocks_v2_1_vl_rfs.v:2452]
INFO: [Synth 8-256] done synthesizing module 'axi_crossbar_v2_1_12_si_transactor' (8#1) [c:/Users/kab/Desktop/workspace/dma_sg_prj/dma_sg_prj.srcs/sources_1/bd/design_dma_sg/ipshared/896d/hdl/axi_crossbar_v2_1_vl_rfs.v:3798]
INFO: [Synth 8-638] synthesizing module 'axi_crossbar_v2_1_12_si_transactor__parameterized0' [c:/Users/kab/Desktop/workspace/dma_sg_prj/dma_sg_prj.srcs/sources_1/bd/design_dma_sg/ipshared/896d/hdl/axi_crossbar_v2_1_vl_rfs.v:3798]
INFO: [Synth 8-638] synthesizing module 'generic_baseblocks_v2_1_0_mux_enc__parameterized0' [c:/Users/kab/Desktop/workspace/dma_sg_prj/dma_sg_prj.srcs/sources_1/bd/design_dma_sg/ipshared/7ee0/hdl/generic_baseblocks_v2_1_vl_rfs.v:2452]
INFO: [Synth 8-256] done synthesizing module 'generic_baseblocks_v2_1_0_mux_enc__parameterized0' (8#1) [c:/Users/kab/Desktop/workspace/dma_sg_prj/dma_sg_prj.srcs/sources_1/bd/design_dma_sg/ipshared/7ee0/hdl/generic_baseblocks_v2_1_vl_rfs.v:2452]
INFO: [Synth 8-256] done synthesizing module 'axi_crossbar_v2_1_12_si_transactor__parameterized0' (8#1) [c:/Users/kab/Desktop/workspace/dma_sg_prj/dma_sg_prj.srcs/sources_1/bd/design_dma_sg/ipshared/896d/hdl/axi_crossbar_v2_1_vl_rfs.v:3798]
INFO: [Synth 8-638] synthesizing module 'axi_crossbar_v2_1_12_splitter' [c:/Users/kab/Desktop/workspace/dma_sg_prj/dma_sg_prj.srcs/sources_1/bd/design_dma_sg/ipshared/896d/hdl/axi_crossbar_v2_1_vl_rfs.v:4459]
INFO: [Synth 8-256] done synthesizing module 'axi_crossbar_v2_1_12_splitter' (9#1) [c:/Users/kab/Desktop/workspace/dma_sg_prj/dma_sg_prj.srcs/sources_1/bd/design_dma_sg/ipshared/896d/hdl/axi_crossbar_v2_1_vl_rfs.v:4459]
INFO: [Synth 8-638] synthesizing module 'axi_crossbar_v2_1_12_wdata_router' [c:/Users/kab/Desktop/workspace/dma_sg_prj/dma_sg_prj.srcs/sources_1/bd/design_dma_sg/ipshared/896d/hdl/axi_crossbar_v2_1_vl_rfs.v:4734]
INFO: [Synth 8-638] synthesizing module 'axi_data_fifo_v2_1_10_axic_reg_srl_fifo' [c:/Users/kab/Desktop/workspace/dma_sg_prj/dma_sg_prj.srcs/sources_1/bd/design_dma_sg/ipshared/39ba/hdl/axi_data_fifo_v2_1_vl_rfs.v:889]
INFO: [Synth 8-256] done synthesizing module 'axi_data_fifo_v2_1_10_axic_reg_srl_fifo' (10#1) [c:/Users/kab/Desktop/workspace/dma_sg_prj/dma_sg_prj.srcs/sources_1/bd/design_dma_sg/ipshared/39ba/hdl/axi_data_fifo_v2_1_vl_rfs.v:889]
INFO: [Synth 8-256] done synthesizing module 'axi_crossbar_v2_1_12_wdata_router' (11#1) [c:/Users/kab/Desktop/workspace/dma_sg_prj/dma_sg_prj.srcs/sources_1/bd/design_dma_sg/ipshared/896d/hdl/axi_crossbar_v2_1_vl_rfs.v:4734]
INFO: [Synth 8-638] synthesizing module 'axi_crossbar_v2_1_12_si_transactor__parameterized1' [c:/Users/kab/Desktop/workspace/dma_sg_prj/dma_sg_prj.srcs/sources_1/bd/design_dma_sg/ipshared/896d/hdl/axi_crossbar_v2_1_vl_rfs.v:3798]
INFO: [Synth 8-256] done synthesizing module 'axi_crossbar_v2_1_12_si_transactor__parameterized1' (11#1) [c:/Users/kab/Desktop/workspace/dma_sg_prj/dma_sg_prj.srcs/sources_1/bd/design_dma_sg/ipshared/896d/hdl/axi_crossbar_v2_1_vl_rfs.v:3798]
INFO: [Synth 8-638] synthesizing module 'axi_crossbar_v2_1_12_si_transactor__parameterized2' [c:/Users/kab/Desktop/workspace/dma_sg_prj/dma_sg_prj.srcs/sources_1/bd/design_dma_sg/ipshared/896d/hdl/axi_crossbar_v2_1_vl_rfs.v:3798]
INFO: [Synth 8-638] synthesizing module 'generic_baseblocks_v2_1_0_mux_enc__parameterized1' [c:/Users/kab/Desktop/workspace/dma_sg_prj/dma_sg_prj.srcs/sources_1/bd/design_dma_sg/ipshared/7ee0/hdl/generic_baseblocks_v2_1_vl_rfs.v:2452]
INFO: [Synth 8-256] done synthesizing module 'generic_baseblocks_v2_1_0_mux_enc__parameterized1' (11#1) [c:/Users/kab/Desktop/workspace/dma_sg_prj/dma_sg_prj.srcs/sources_1/bd/design_dma_sg/ipshared/7ee0/hdl/generic_baseblocks_v2_1_vl_rfs.v:2452]
INFO: [Synth 8-256] done synthesizing module 'axi_crossbar_v2_1_12_si_transactor__parameterized2' (11#1) [c:/Users/kab/Desktop/workspace/dma_sg_prj/dma_sg_prj.srcs/sources_1/bd/design_dma_sg/ipshared/896d/hdl/axi_crossbar_v2_1_vl_rfs.v:3798]
INFO: [Synth 8-638] synthesizing module 'axi_crossbar_v2_1_12_addr_decoder__parameterized0' [c:/Users/kab/Desktop/workspace/dma_sg_prj/dma_sg_prj.srcs/sources_1/bd/design_dma_sg/ipshared/896d/hdl/axi_crossbar_v2_1_vl_rfs.v:794]
INFO: [Synth 8-256] done synthesizing module 'axi_crossbar_v2_1_12_addr_decoder__parameterized0' (11#1) [c:/Users/kab/Desktop/workspace/dma_sg_prj/dma_sg_prj.srcs/sources_1/bd/design_dma_sg/ipshared/896d/hdl/axi_crossbar_v2_1_vl_rfs.v:794]
INFO: [Synth 8-638] synthesizing module 'axi_crossbar_v2_1_12_addr_decoder__parameterized1' [c:/Users/kab/Desktop/workspace/dma_sg_prj/dma_sg_prj.srcs/sources_1/bd/design_dma_sg/ipshared/896d/hdl/axi_crossbar_v2_1_vl_rfs.v:794]
INFO: [Synth 8-256] done synthesizing module 'axi_crossbar_v2_1_12_addr_decoder__parameterized1' (11#1) [c:/Users/kab/Desktop/workspace/dma_sg_prj/dma_sg_prj.srcs/sources_1/bd/design_dma_sg/ipshared/896d/hdl/axi_crossbar_v2_1_vl_rfs.v:794]
INFO: [Synth 8-638] synthesizing module 'axi_data_fifo_v2_1_10_axic_srl_fifo__parameterized0' [c:/Users/kab/Desktop/workspace/dma_sg_prj/dma_sg_prj.srcs/sources_1/bd/design_dma_sg/ipshared/39ba/hdl/axi_data_fifo_v2_1_vl_rfs.v:698]
INFO: [Synth 8-638] synthesizing module 'axi_data_fifo_v2_1_10_ndeep_srl__parameterized0' [c:/Users/kab/Desktop/workspace/dma_sg_prj/dma_sg_prj.srcs/sources_1/bd/design_dma_sg/ipshared/39ba/hdl/axi_data_fifo_v2_1_vl_rfs.v:1134]
INFO: [Synth 8-256] done synthesizing module 'axi_data_fifo_v2_1_10_ndeep_srl__parameterized0' (11#1) [c:/Users/kab/Desktop/workspace/dma_sg_prj/dma_sg_prj.srcs/sources_1/bd/design_dma_sg/ipshared/39ba/hdl/axi_data_fifo_v2_1_vl_rfs.v:1134]
INFO: [Synth 8-638] synthesizing module 'axi_data_fifo_v2_1_10_ndeep_srl__parameterized1' [c:/Users/kab/Desktop/workspace/dma_sg_prj/dma_sg_prj.srcs/sources_1/bd/design_dma_sg/ipshared/39ba/hdl/axi_data_fifo_v2_1_vl_rfs.v:1134]
INFO: [Synth 8-256] done synthesizing module 'axi_data_fifo_v2_1_10_ndeep_srl__parameterized1' (11#1) [c:/Users/kab/Desktop/workspace/dma_sg_prj/dma_sg_prj.srcs/sources_1/bd/design_dma_sg/ipshared/39ba/hdl/axi_data_fifo_v2_1_vl_rfs.v:1134]
INFO: [Synth 8-638] synthesizing module 'axi_data_fifo_v2_1_10_ndeep_srl__parameterized2' [c:/Users/kab/Desktop/workspace/dma_sg_prj/dma_sg_prj.srcs/sources_1/bd/design_dma_sg/ipshared/39ba/hdl/axi_data_fifo_v2_1_vl_rfs.v:1134]
INFO: [Synth 8-256] done synthesizing module 'axi_data_fifo_v2_1_10_ndeep_srl__parameterized2' (11#1) [c:/Users/kab/Desktop/workspace/dma_sg_prj/dma_sg_prj.srcs/sources_1/bd/design_dma_sg/ipshared/39ba/hdl/axi_data_fifo_v2_1_vl_rfs.v:1134]
INFO: [Synth 8-638] synthesizing module 'axi_data_fifo_v2_1_10_ndeep_srl__parameterized3' [c:/Users/kab/Desktop/workspace/dma_sg_prj/dma_sg_prj.srcs/sources_1/bd/design_dma_sg/ipshared/39ba/hdl/axi_data_fifo_v2_1_vl_rfs.v:1134]
INFO: [Synth 8-256] done synthesizing module 'axi_data_fifo_v2_1_10_ndeep_srl__parameterized3' (11#1) [c:/Users/kab/Desktop/workspace/dma_sg_prj/dma_sg_prj.srcs/sources_1/bd/design_dma_sg/ipshared/39ba/hdl/axi_data_fifo_v2_1_vl_rfs.v:1134]
INFO: [Synth 8-638] synthesizing module 'axi_data_fifo_v2_1_10_ndeep_srl__parameterized4' [c:/Users/kab/Desktop/workspace/dma_sg_prj/dma_sg_prj.srcs/sources_1/bd/design_dma_sg/ipshared/39ba/hdl/axi_data_fifo_v2_1_vl_rfs.v:1134]
INFO: [Synth 8-256] done synthesizing module 'axi_data_fifo_v2_1_10_ndeep_srl__parameterized4' (11#1) [c:/Users/kab/Desktop/workspace/dma_sg_prj/dma_sg_prj.srcs/sources_1/bd/design_dma_sg/ipshared/39ba/hdl/axi_data_fifo_v2_1_vl_rfs.v:1134]
INFO: [Synth 8-638] synthesizing module 'axi_data_fifo_v2_1_10_ndeep_srl__parameterized5' [c:/Users/kab/Desktop/workspace/dma_sg_prj/dma_sg_prj.srcs/sources_1/bd/design_dma_sg/ipshared/39ba/hdl/axi_data_fifo_v2_1_vl_rfs.v:1134]
INFO: [Synth 8-256] done synthesizing module 'axi_data_fifo_v2_1_10_ndeep_srl__parameterized5' (11#1) [c:/Users/kab/Desktop/workspace/dma_sg_prj/dma_sg_prj.srcs/sources_1/bd/design_dma_sg/ipshared/39ba/hdl/axi_data_fifo_v2_1_vl_rfs.v:1134]
INFO: [Synth 8-638] synthesizing module 'axi_data_fifo_v2_1_10_ndeep_srl__parameterized6' [c:/Users/kab/Desktop/workspace/dma_sg_prj/dma_sg_prj.srcs/sources_1/bd/design_dma_sg/ipshared/39ba/hdl/axi_data_fifo_v2_1_vl_rfs.v:1134]
INFO: [Synth 8-256] done synthesizing module 'axi_data_fifo_v2_1_10_ndeep_srl__parameterized6' (11#1) [c:/Users/kab/Desktop/workspace/dma_sg_prj/dma_sg_prj.srcs/sources_1/bd/design_dma_sg/ipshared/39ba/hdl/axi_data_fifo_v2_1_vl_rfs.v:1134]
INFO: [Synth 8-638] synthesizing module 'axi_data_fifo_v2_1_10_ndeep_srl__parameterized7' [c:/Users/kab/Desktop/workspace/dma_sg_prj/dma_sg_prj.srcs/sources_1/bd/design_dma_sg/ipshared/39ba/hdl/axi_data_fifo_v2_1_vl_rfs.v:1134]
INFO: [Synth 8-256] done synthesizing module 'axi_data_fifo_v2_1_10_ndeep_srl__parameterized7' (11#1) [c:/Users/kab/Desktop/workspace/dma_sg_prj/dma_sg_prj.srcs/sources_1/bd/design_dma_sg/ipshared/39ba/hdl/axi_data_fifo_v2_1_vl_rfs.v:1134]
INFO: [Synth 8-256] done synthesizing module 'axi_data_fifo_v2_1_10_axic_srl_fifo__parameterized0' (11#1) [c:/Users/kab/Desktop/workspace/dma_sg_prj/dma_sg_prj.srcs/sources_1/bd/design_dma_sg/ipshared/39ba/hdl/axi_data_fifo_v2_1_vl_rfs.v:698]
INFO: [Synth 8-638] synthesizing module 'axi_crossbar_v2_1_12_wdata_mux' [c:/Users/kab/Desktop/workspace/dma_sg_prj/dma_sg_prj.srcs/sources_1/bd/design_dma_sg/ipshared/896d/hdl/axi_crossbar_v2_1_vl_rfs.v:4559]
INFO: [Synth 8-638] synthesizing module 'axi_data_fifo_v2_1_10_axic_reg_srl_fifo__parameterized0' [c:/Users/kab/Desktop/workspace/dma_sg_prj/dma_sg_prj.srcs/sources_1/bd/design_dma_sg/ipshared/39ba/hdl/axi_data_fifo_v2_1_vl_rfs.v:889]
INFO: [Synth 8-638] synthesizing module 'axi_data_fifo_v2_1_10_ndeep_srl__parameterized8' [c:/Users/kab/Desktop/workspace/dma_sg_prj/dma_sg_prj.srcs/sources_1/bd/design_dma_sg/ipshared/39ba/hdl/axi_data_fifo_v2_1_vl_rfs.v:1134]
INFO: [Synth 8-256] done synthesizing module 'axi_data_fifo_v2_1_10_ndeep_srl__parameterized8' (11#1) [c:/Users/kab/Desktop/workspace/dma_sg_prj/dma_sg_prj.srcs/sources_1/bd/design_dma_sg/ipshared/39ba/hdl/axi_data_fifo_v2_1_vl_rfs.v:1134]
INFO: [Synth 8-638] synthesizing module 'axi_data_fifo_v2_1_10_ndeep_srl__parameterized9' [c:/Users/kab/Desktop/workspace/dma_sg_prj/dma_sg_prj.srcs/sources_1/bd/design_dma_sg/ipshared/39ba/hdl/axi_data_fifo_v2_1_vl_rfs.v:1134]
INFO: [Synth 8-256] done synthesizing module 'axi_data_fifo_v2_1_10_ndeep_srl__parameterized9' (11#1) [c:/Users/kab/Desktop/workspace/dma_sg_prj/dma_sg_prj.srcs/sources_1/bd/design_dma_sg/ipshared/39ba/hdl/axi_data_fifo_v2_1_vl_rfs.v:1134]
INFO: [Synth 8-256] done synthesizing module 'axi_data_fifo_v2_1_10_axic_reg_srl_fifo__parameterized0' (11#1) [c:/Users/kab/Desktop/workspace/dma_sg_prj/dma_sg_prj.srcs/sources_1/bd/design_dma_sg/ipshared/39ba/hdl/axi_data_fifo_v2_1_vl_rfs.v:889]
INFO: [Synth 8-638] synthesizing module 'generic_baseblocks_v2_1_0_mux_enc__parameterized2' [c:/Users/kab/Desktop/workspace/dma_sg_prj/dma_sg_prj.srcs/sources_1/bd/design_dma_sg/ipshared/7ee0/hdl/generic_baseblocks_v2_1_vl_rfs.v:2452]
INFO: [Synth 8-256] done synthesizing module 'generic_baseblocks_v2_1_0_mux_enc__parameterized2' (11#1) [c:/Users/kab/Desktop/workspace/dma_sg_prj/dma_sg_prj.srcs/sources_1/bd/design_dma_sg/ipshared/7ee0/hdl/generic_baseblocks_v2_1_vl_rfs.v:2452]
INFO: [Synth 8-256] done synthesizing module 'axi_crossbar_v2_1_12_wdata_mux' (12#1) [c:/Users/kab/Desktop/workspace/dma_sg_prj/dma_sg_prj.srcs/sources_1/bd/design_dma_sg/ipshared/896d/hdl/axi_crossbar_v2_1_vl_rfs.v:4559]
INFO: [Synth 8-638] synthesizing module 'axi_register_slice_v2_1_11_axi_register_slice' [c:/Users/kab/Desktop/workspace/dma_sg_prj/dma_sg_prj.srcs/sources_1/bd/design_dma_sg/ipshared/0b6b/hdl/axi_register_slice_v2_1_vl_rfs.v:791]
INFO: [Synth 8-638] synthesizing module 'axi_infrastructure_v1_1_0_axi2vector' [c:/Users/kab/Desktop/workspace/dma_sg_prj/dma_sg_prj.srcs/sources_1/bd/design_dma_sg/ipshared/7e3a/hdl/axi_infrastructure_v1_1_vl_rfs.v:60]
INFO: [Synth 8-256] done synthesizing module 'axi_infrastructure_v1_1_0_axi2vector' (13#1) [c:/Users/kab/Desktop/workspace/dma_sg_prj/dma_sg_prj.srcs/sources_1/bd/design_dma_sg/ipshared/7e3a/hdl/axi_infrastructure_v1_1_vl_rfs.v:60]
INFO: [Synth 8-638] synthesizing module 'axi_register_slice_v2_1_11_axic_register_slice' [c:/Users/kab/Desktop/workspace/dma_sg_prj/dma_sg_prj.srcs/sources_1/bd/design_dma_sg/ipshared/0b6b/hdl/axi_register_slice_v2_1_vl_rfs.v:85]
INFO: [Synth 8-256] done synthesizing module 'axi_register_slice_v2_1_11_axic_register_slice' (14#1) [c:/Users/kab/Desktop/workspace/dma_sg_prj/dma_sg_prj.srcs/sources_1/bd/design_dma_sg/ipshared/0b6b/hdl/axi_register_slice_v2_1_vl_rfs.v:85]
INFO: [Synth 8-638] synthesizing module 'axi_register_slice_v2_1_11_axic_register_slice__parameterized0' [c:/Users/kab/Desktop/workspace/dma_sg_prj/dma_sg_prj.srcs/sources_1/bd/design_dma_sg/ipshared/0b6b/hdl/axi_register_slice_v2_1_vl_rfs.v:85]
INFO: [Synth 8-256] done synthesizing module 'axi_register_slice_v2_1_11_axic_register_slice__parameterized0' (14#1) [c:/Users/kab/Desktop/workspace/dma_sg_prj/dma_sg_prj.srcs/sources_1/bd/design_dma_sg/ipshared/0b6b/hdl/axi_register_slice_v2_1_vl_rfs.v:85]
INFO: [Synth 8-638] synthesizing module 'axi_register_slice_v2_1_11_axic_register_slice__parameterized1' [c:/Users/kab/Desktop/workspace/dma_sg_prj/dma_sg_prj.srcs/sources_1/bd/design_dma_sg/ipshared/0b6b/hdl/axi_register_slice_v2_1_vl_rfs.v:85]
INFO: [Synth 8-256] done synthesizing module 'axi_register_slice_v2_1_11_axic_register_slice__parameterized1' (14#1) [c:/Users/kab/Desktop/workspace/dma_sg_prj/dma_sg_prj.srcs/sources_1/bd/design_dma_sg/ipshared/0b6b/hdl/axi_register_slice_v2_1_vl_rfs.v:85]
INFO: [Synth 8-638] synthesizing module 'axi_register_slice_v2_1_11_axic_register_slice__parameterized2' [c:/Users/kab/Desktop/workspace/dma_sg_prj/dma_sg_prj.srcs/sources_1/bd/design_dma_sg/ipshared/0b6b/hdl/axi_register_slice_v2_1_vl_rfs.v:85]
INFO: [Synth 8-256] done synthesizing module 'axi_register_slice_v2_1_11_axic_register_slice__parameterized2' (14#1) [c:/Users/kab/Desktop/workspace/dma_sg_prj/dma_sg_prj.srcs/sources_1/bd/design_dma_sg/ipshared/0b6b/hdl/axi_register_slice_v2_1_vl_rfs.v:85]
INFO: [Synth 8-638] synthesizing module 'axi_infrastructure_v1_1_0_vector2axi' [c:/Users/kab/Desktop/workspace/dma_sg_prj/dma_sg_prj.srcs/sources_1/bd/design_dma_sg/ipshared/7e3a/hdl/axi_infrastructure_v1_1_vl_rfs.v:474]
INFO: [Synth 8-256] done synthesizing module 'axi_infrastructure_v1_1_0_vector2axi' (15#1) [c:/Users/kab/Desktop/workspace/dma_sg_prj/dma_sg_prj.srcs/sources_1/bd/design_dma_sg/ipshared/7e3a/hdl/axi_infrastructure_v1_1_vl_rfs.v:474]
INFO: [Synth 8-256] done synthesizing module 'axi_register_slice_v2_1_11_axi_register_slice' (16#1) [c:/Users/kab/Desktop/workspace/dma_sg_prj/dma_sg_prj.srcs/sources_1/bd/design_dma_sg/ipshared/0b6b/hdl/axi_register_slice_v2_1_vl_rfs.v:791]
INFO: [Synth 8-638] synthesizing module 'axi_crossbar_v2_1_12_addr_decoder__parameterized2' [c:/Users/kab/Desktop/workspace/dma_sg_prj/dma_sg_prj.srcs/sources_1/bd/design_dma_sg/ipshared/896d/hdl/axi_crossbar_v2_1_vl_rfs.v:794]
INFO: [Synth 8-256] done synthesizing module 'axi_crossbar_v2_1_12_addr_decoder__parameterized2' (16#1) [c:/Users/kab/Desktop/workspace/dma_sg_prj/dma_sg_prj.srcs/sources_1/bd/design_dma_sg/ipshared/896d/hdl/axi_crossbar_v2_1_vl_rfs.v:794]
INFO: [Synth 8-638] synthesizing module 'axi_crossbar_v2_1_12_addr_decoder__parameterized3' [c:/Users/kab/Desktop/workspace/dma_sg_prj/dma_sg_prj.srcs/sources_1/bd/design_dma_sg/ipshared/896d/hdl/axi_crossbar_v2_1_vl_rfs.v:794]
INFO: [Synth 8-256] done synthesizing module 'axi_crossbar_v2_1_12_addr_decoder__parameterized3' (16#1) [c:/Users/kab/Desktop/workspace/dma_sg_prj/dma_sg_prj.srcs/sources_1/bd/design_dma_sg/ipshared/896d/hdl/axi_crossbar_v2_1_vl_rfs.v:794]
INFO: [Synth 8-638] synthesizing module 'axi_data_fifo_v2_1_10_axic_srl_fifo__parameterized1' [c:/Users/kab/Desktop/workspace/dma_sg_prj/dma_sg_prj.srcs/sources_1/bd/design_dma_sg/ipshared/39ba/hdl/axi_data_fifo_v2_1_vl_rfs.v:698]
INFO: [Synth 8-256] done synthesizing module 'axi_data_fifo_v2_1_10_axic_srl_fifo__parameterized1' (16#1) [c:/Users/kab/Desktop/workspace/dma_sg_prj/dma_sg_prj.srcs/sources_1/bd/design_dma_sg/ipshared/39ba/hdl/axi_data_fifo_v2_1_vl_rfs.v:698]
INFO: [Synth 8-638] synthesizing module 'axi_crossbar_v2_1_12_wdata_mux__parameterized0' [c:/Users/kab/Desktop/workspace/dma_sg_prj/dma_sg_prj.srcs/sources_1/bd/design_dma_sg/ipshared/896d/hdl/axi_crossbar_v2_1_vl_rfs.v:4559]
INFO: [Synth 8-638] synthesizing module 'axi_data_fifo_v2_1_10_axic_reg_srl_fifo__parameterized1' [c:/Users/kab/Desktop/workspace/dma_sg_prj/dma_sg_prj.srcs/sources_1/bd/design_dma_sg/ipshared/39ba/hdl/axi_data_fifo_v2_1_vl_rfs.v:889]
INFO: [Synth 8-256] done synthesizing module 'axi_data_fifo_v2_1_10_axic_reg_srl_fifo__parameterized1' (16#1) [c:/Users/kab/Desktop/workspace/dma_sg_prj/dma_sg_prj.srcs/sources_1/bd/design_dma_sg/ipshared/39ba/hdl/axi_data_fifo_v2_1_vl_rfs.v:889]
INFO: [Synth 8-638] synthesizing module 'generic_baseblocks_v2_1_0_mux_enc__parameterized3' [c:/Users/kab/Desktop/workspace/dma_sg_prj/dma_sg_prj.srcs/sources_1/bd/design_dma_sg/ipshared/7ee0/hdl/generic_baseblocks_v2_1_vl_rfs.v:2452]
INFO: [Synth 8-256] done synthesizing module 'generic_baseblocks_v2_1_0_mux_enc__parameterized3' (16#1) [c:/Users/kab/Desktop/workspace/dma_sg_prj/dma_sg_prj.srcs/sources_1/bd/design_dma_sg/ipshared/7ee0/hdl/generic_baseblocks_v2_1_vl_rfs.v:2452]
INFO: [Synth 8-256] done synthesizing module 'axi_crossbar_v2_1_12_wdata_mux__parameterized0' (16#1) [c:/Users/kab/Desktop/workspace/dma_sg_prj/dma_sg_prj.srcs/sources_1/bd/design_dma_sg/ipshared/896d/hdl/axi_crossbar_v2_1_vl_rfs.v:4559]
INFO: [Synth 8-638] synthesizing module 'axi_crossbar_v2_1_12_decerr_slave' [c:/Users/kab/Desktop/workspace/dma_sg_prj/dma_sg_prj.srcs/sources_1/bd/design_dma_sg/ipshared/896d/hdl/axi_crossbar_v2_1_vl_rfs.v:3500]
INFO: [Synth 8-256] done synthesizing module 'axi_crossbar_v2_1_12_decerr_slave' (17#1) [c:/Users/kab/Desktop/workspace/dma_sg_prj/dma_sg_prj.srcs/sources_1/bd/design_dma_sg/ipshared/896d/hdl/axi_crossbar_v2_1_vl_rfs.v:3500]
INFO: [Synth 8-638] synthesizing module 'axi_crossbar_v2_1_12_addr_arbiter' [c:/Users/kab/Desktop/workspace/dma_sg_prj/dma_sg_prj.srcs/sources_1/bd/design_dma_sg/ipshared/896d/hdl/axi_crossbar_v2_1_vl_rfs.v:423]
INFO: [Synth 8-638] synthesizing module 'generic_baseblocks_v2_1_0_mux_enc__parameterized4' [c:/Users/kab/Desktop/workspace/dma_sg_prj/dma_sg_prj.srcs/sources_1/bd/design_dma_sg/ipshared/7ee0/hdl/generic_baseblocks_v2_1_vl_rfs.v:2452]
INFO: [Synth 8-256] done synthesizing module 'generic_baseblocks_v2_1_0_mux_enc__parameterized4' (17#1) [c:/Users/kab/Desktop/workspace/dma_sg_prj/dma_sg_prj.srcs/sources_1/bd/design_dma_sg/ipshared/7ee0/hdl/generic_baseblocks_v2_1_vl_rfs.v:2452]
INFO: [Synth 8-638] synthesizing module 'generic_baseblocks_v2_1_0_mux_enc__parameterized5' [c:/Users/kab/Desktop/workspace/dma_sg_prj/dma_sg_prj.srcs/sources_1/bd/design_dma_sg/ipshared/7ee0/hdl/generic_baseblocks_v2_1_vl_rfs.v:2452]
INFO: [Synth 8-256] done synthesizing module 'generic_baseblocks_v2_1_0_mux_enc__parameterized5' (17#1) [c:/Users/kab/Desktop/workspace/dma_sg_prj/dma_sg_prj.srcs/sources_1/bd/design_dma_sg/ipshared/7ee0/hdl/generic_baseblocks_v2_1_vl_rfs.v:2452]
INFO: [Synth 8-256] done synthesizing module 'axi_crossbar_v2_1_12_addr_arbiter' (18#1) [c:/Users/kab/Desktop/workspace/dma_sg_prj/dma_sg_prj.srcs/sources_1/bd/design_dma_sg/ipshared/896d/hdl/axi_crossbar_v2_1_vl_rfs.v:423]
INFO: [Synth 8-256] done synthesizing module 'axi_crossbar_v2_1_12_crossbar' (19#1) [c:/Users/kab/Desktop/workspace/dma_sg_prj/dma_sg_prj.srcs/sources_1/bd/design_dma_sg/ipshared/896d/hdl/axi_crossbar_v2_1_vl_rfs.v:2239]
INFO: [Synth 8-256] done synthesizing module 'axi_crossbar_v2_1_12_axi_crossbar' (20#1) [c:/Users/kab/Desktop/workspace/dma_sg_prj/dma_sg_prj.srcs/sources_1/bd/design_dma_sg/ipshared/896d/hdl/axi_crossbar_v2_1_vl_rfs.v:4882]
INFO: [Synth 8-256] done synthesizing module 'design_dma_sg_xbar_0' (21#1) [c:/Users/kab/Desktop/workspace/dma_sg_prj/dma_sg_prj.srcs/sources_1/bd/design_dma_sg/ip/design_dma_sg_xbar_0/synth/design_dma_sg_xbar_0.v:59]
Finished RTL Elaboration : Time (s): cpu = 00:00:17 ; elapsed = 00:00:19 . Memory (MB): peak = 479.512 ; gain = 269.375
Finished RTL Optimization Phase 1 : Time (s): cpu = 00:00:18 ; elapsed = 00:00:19 . Memory (MB): peak = 479.512 ; gain = 269.375
INFO: [Device 21-403] Loading part xc7z020clg484-1
Constraint Validation Runtime : Time (s): cpu = 00:00:00 ; elapsed = 00:00:00.103 . Memory (MB): peak = 727.965 ; gain = 0.090
Finished Constraint Validation : Time (s): cpu = 00:00:27 ; elapsed = 00:00:29 . Memory (MB): peak = 727.965 ; gain = 517.828
Finished Loading Part and Timing Information : Time (s): cpu = 00:00:27 ; elapsed = 00:00:29 . Memory (MB): peak = 727.965 ; gain = 517.828
Finished applying 'set_property' XDC Constraints : Time (s): cpu = 00:00:27 ; elapsed = 00:00:29 . Memory (MB): peak = 727.965 ; gain = 517.828
Finished RTL Optimization Phase 2 : Time (s): cpu = 00:00:29 ; elapsed = 00:00:30 . Memory (MB): peak = 727.965 ; gain = 517.828
Finished Cross Boundary and Area Optimization : Time (s): cpu = 00:00:31 ; elapsed = 00:00:33 . Memory (MB): peak = 727.965 ; gain = 517.828
Finished Applying XDC Timing Constraints : Time (s): cpu = 00:00:43 ; elapsed = 00:00:45 . Memory (MB): peak = 727.965 ; gain = 517.828
Finished Timing Optimization : Time (s): cpu = 00:00:45 ; elapsed = 00:00:47 . Memory (MB): peak = 746.094 ; gain = 535.957
Finished Technology Mapping : Time (s): cpu = 00:00:45 ; elapsed = 00:00:47 . Memory (MB): peak = 746.094 ; gain = 535.957
Finished IO Insertion : Time (s): cpu = 00:00:46 ; elapsed = 00:00:48 . Memory (MB): peak = 746.094 ; gain = 535.957
Finished Renaming Generated Instances : Time (s): cpu = 00:00:46 ; elapsed = 00:00:48 . Memory (MB): peak = 746.094 ; gain = 535.957
Finished Rebuilding User Hierarchy : Time (s): cpu = 00:00:46 ; elapsed = 00:00:48 . Memory (MB): peak = 746.094 ; gain = 535.957
Finished Renaming Generated Ports : Time (s): cpu = 00:00:46 ; elapsed = 00:00:48 . Memory (MB): peak = 746.094 ; gain = 535.957
Finished Handling Custom Attributes : Time (s): cpu = 00:00:46 ; elapsed = 00:00:48 . Memory (MB): peak = 746.094 ; gain = 535.957
Finished Renaming Generated Nets : Time (s): cpu = 00:00:46 ; elapsed = 00:00:48 . Memory (MB): peak = 746.094 ; gain = 535.957

Report Cell Usage: 
+------+--------+------+
|      |Cell    |Count |
+------+--------+------+
|1     |LUT1    |     8|
|2     |LUT2    |   157|
|3     |LUT3    |   229|
|4     |LUT4    |   122|
|5     |LUT5    |    56|
|6     |LUT6    |   104|
|7     |SRLC32E |     6|
|8     |FDRE    |   373|
|9     |FDSE    |    15|
+------+--------+------+
Finished Writing Synthesis Report : Time (s): cpu = 00:00:46 ; elapsed = 00:00:48 . Memory (MB): peak = 746.094 ; gain = 535.957
synth_design: Time (s): cpu = 00:00:43 ; elapsed = 00:00:44 . Memory (MB): peak = 752.973 ; gain = 481.965
