
*** Running vivado
    with args -log design_dma_sg_auto_us_1.vds -m64 -product Vivado -mode batch -messageDb vivado.pb -notrace -source design_dma_sg_auto_us_1.tcl


****** Vivado v2016.4 (64-bit)
  **** SW Build 1756540 on Mon Jan 23 19:11:23 MST 2017
  **** IP Build 1755317 on Mon Jan 23 20:30:07 MST 2017
    ** Copyright 1986-2016 Xilinx, Inc. All Rights Reserved.

source design_dma_sg_auto_us_1.tcl -notrace
Starting RTL Elaboration : Time (s): cpu = 00:00:10 ; elapsed = 00:00:11 . Memory (MB): peak = 351.605 ; gain = 141.828
INFO: [Synth 8-638] synthesizing module 'design_dma_sg_auto_us_1' [c:/Users/kab/Desktop/workspace/dma_sg_prj/dma_sg_prj.srcs/sources_1/bd/design_dma_sg/ip/design_dma_sg_auto_us_1/synth/design_dma_sg_auto_us_1.v:58]
INFO: [Synth 8-638] synthesizing module 'axi_dwidth_converter_v2_1_11_top' [c:/Users/kab/Desktop/workspace/dma_sg_prj/dma_sg_prj.srcs/sources_1/bd/design_dma_sg/ipshared/a4c8/hdl/axi_dwidth_converter_v2_1_vlsyn_rfs.v:14452]
INFO: [Synth 8-638] synthesizing module 'axi_dwidth_converter_v2_1_11_axi_upsizer' [c:/Users/kab/Desktop/workspace/dma_sg_prj/dma_sg_prj.srcs/sources_1/bd/design_dma_sg/ipshared/a4c8/hdl/axi_dwidth_converter_v2_1_vlsyn_rfs.v:7037]
INFO: [Synth 8-638] synthesizing module 'axi_dwidth_converter_v2_1_11_r_upsizer' [c:/Users/kab/Desktop/workspace/dma_sg_prj/dma_sg_prj.srcs/sources_1/bd/design_dma_sg/ipshared/a4c8/hdl/axi_dwidth_converter_v2_1_vlsyn_rfs.v:4652]
INFO: [Synth 8-256] done synthesizing module 'axi_dwidth_converter_v2_1_11_r_upsizer' (1#1) [c:/Users/kab/Desktop/workspace/dma_sg_prj/dma_sg_prj.srcs/sources_1/bd/design_dma_sg/ipshared/a4c8/hdl/axi_dwidth_converter_v2_1_vlsyn_rfs.v:4652]
INFO: [Synth 8-638] synthesizing module 'axi_register_slice_v2_1_11_axi_register_slice' [c:/Users/kab/Desktop/workspace/dma_sg_prj/dma_sg_prj.srcs/sources_1/bd/design_dma_sg/ipshared/0b6b/hdl/axi_register_slice_v2_1_vl_rfs.v:791]
INFO: [Synth 8-638] synthesizing module 'axi_infrastructure_v1_1_0_axi2vector' [c:/Users/kab/Desktop/workspace/dma_sg_prj/dma_sg_prj.srcs/sources_1/bd/design_dma_sg/ipshared/7e3a/hdl/axi_infrastructure_v1_1_vl_rfs.v:60]
INFO: [Synth 8-256] done synthesizing module 'axi_infrastructure_v1_1_0_axi2vector' (2#1) [c:/Users/kab/Desktop/workspace/dma_sg_prj/dma_sg_prj.srcs/sources_1/bd/design_dma_sg/ipshared/7e3a/hdl/axi_infrastructure_v1_1_vl_rfs.v:60]
INFO: [Synth 8-638] synthesizing module 'axi_register_slice_v2_1_11_axic_register_slice' [c:/Users/kab/Desktop/workspace/dma_sg_prj/dma_sg_prj.srcs/sources_1/bd/design_dma_sg/ipshared/0b6b/hdl/axi_register_slice_v2_1_vl_rfs.v:85]
INFO: [Synth 8-256] done synthesizing module 'axi_register_slice_v2_1_11_axic_register_slice' (3#1) [c:/Users/kab/Desktop/workspace/dma_sg_prj/dma_sg_prj.srcs/sources_1/bd/design_dma_sg/ipshared/0b6b/hdl/axi_register_slice_v2_1_vl_rfs.v:85]
INFO: [Synth 8-638] synthesizing module 'axi_register_slice_v2_1_11_axic_register_slice__parameterized0' [c:/Users/kab/Desktop/workspace/dma_sg_prj/dma_sg_prj.srcs/sources_1/bd/design_dma_sg/ipshared/0b6b/hdl/axi_register_slice_v2_1_vl_rfs.v:85]
INFO: [Synth 8-256] done synthesizing module 'axi_register_slice_v2_1_11_axic_register_slice__parameterized0' (3#1) [c:/Users/kab/Desktop/workspace/dma_sg_prj/dma_sg_prj.srcs/sources_1/bd/design_dma_sg/ipshared/0b6b/hdl/axi_register_slice_v2_1_vl_rfs.v:85]
INFO: [Synth 8-638] synthesizing module 'axi_register_slice_v2_1_11_axic_register_slice__parameterized1' [c:/Users/kab/Desktop/workspace/dma_sg_prj/dma_sg_prj.srcs/sources_1/bd/design_dma_sg/ipshared/0b6b/hdl/axi_register_slice_v2_1_vl_rfs.v:85]
INFO: [Synth 8-256] done synthesizing module 'axi_register_slice_v2_1_11_axic_register_slice__parameterized1' (3#1) [c:/Users/kab/Desktop/workspace/dma_sg_prj/dma_sg_prj.srcs/sources_1/bd/design_dma_sg/ipshared/0b6b/hdl/axi_register_slice_v2_1_vl_rfs.v:85]
INFO: [Synth 8-638] synthesizing module 'axi_register_slice_v2_1_11_axic_register_slice__parameterized2' [c:/Users/kab/Desktop/workspace/dma_sg_prj/dma_sg_prj.srcs/sources_1/bd/design_dma_sg/ipshared/0b6b/hdl/axi_register_slice_v2_1_vl_rfs.v:85]
INFO: [Synth 8-256] done synthesizing module 'axi_register_slice_v2_1_11_axic_register_slice__parameterized2' (3#1) [c:/Users/kab/Desktop/workspace/dma_sg_prj/dma_sg_prj.srcs/sources_1/bd/design_dma_sg/ipshared/0b6b/hdl/axi_register_slice_v2_1_vl_rfs.v:85]
INFO: [Synth 8-638] synthesizing module 'axi_infrastructure_v1_1_0_vector2axi' [c:/Users/kab/Desktop/workspace/dma_sg_prj/dma_sg_prj.srcs/sources_1/bd/design_dma_sg/ipshared/7e3a/hdl/axi_infrastructure_v1_1_vl_rfs.v:474]
INFO: [Synth 8-256] done synthesizing module 'axi_infrastructure_v1_1_0_vector2axi' (4#1) [c:/Users/kab/Desktop/workspace/dma_sg_prj/dma_sg_prj.srcs/sources_1/bd/design_dma_sg/ipshared/7e3a/hdl/axi_infrastructure_v1_1_vl_rfs.v:474]
INFO: [Synth 8-256] done synthesizing module 'axi_register_slice_v2_1_11_axi_register_slice' (5#1) [c:/Users/kab/Desktop/workspace/dma_sg_prj/dma_sg_prj.srcs/sources_1/bd/design_dma_sg/ipshared/0b6b/hdl/axi_register_slice_v2_1_vl_rfs.v:791]
INFO: [Synth 8-638] synthesizing module 'axi_dwidth_converter_v2_1_11_a_upsizer' [c:/Users/kab/Desktop/workspace/dma_sg_prj/dma_sg_prj.srcs/sources_1/bd/design_dma_sg/ipshared/a4c8/hdl/axi_dwidth_converter_v2_1_vlsyn_rfs.v:3603]
INFO: [Synth 8-638] synthesizing module 'generic_baseblocks_v2_1_0_command_fifo' [c:/Users/kab/Desktop/workspace/dma_sg_prj/dma_sg_prj.srcs/sources_1/bd/design_dma_sg/ipshared/7ee0/hdl/generic_baseblocks_v2_1_vl_rfs.v:655]
INFO: [Synth 8-256] done synthesizing module 'generic_baseblocks_v2_1_0_command_fifo' (6#1) [c:/Users/kab/Desktop/workspace/dma_sg_prj/dma_sg_prj.srcs/sources_1/bd/design_dma_sg/ipshared/7ee0/hdl/generic_baseblocks_v2_1_vl_rfs.v:655]
INFO: [Synth 8-256] done synthesizing module 'axi_dwidth_converter_v2_1_11_a_upsizer' (7#1) [c:/Users/kab/Desktop/workspace/dma_sg_prj/dma_sg_prj.srcs/sources_1/bd/design_dma_sg/ipshared/a4c8/hdl/axi_dwidth_converter_v2_1_vlsyn_rfs.v:3603]
INFO: [Synth 8-638] synthesizing module 'axi_register_slice_v2_1_11_axi_register_slice__parameterized0' [c:/Users/kab/Desktop/workspace/dma_sg_prj/dma_sg_prj.srcs/sources_1/bd/design_dma_sg/ipshared/0b6b/hdl/axi_register_slice_v2_1_vl_rfs.v:791]
INFO: [Synth 8-638] synthesizing module 'axi_infrastructure_v1_1_0_axi2vector__parameterized0' [c:/Users/kab/Desktop/workspace/dma_sg_prj/dma_sg_prj.srcs/sources_1/bd/design_dma_sg/ipshared/7e3a/hdl/axi_infrastructure_v1_1_vl_rfs.v:60]
INFO: [Synth 8-256] done synthesizing module 'axi_infrastructure_v1_1_0_axi2vector__parameterized0' (7#1) [c:/Users/kab/Desktop/workspace/dma_sg_prj/dma_sg_prj.srcs/sources_1/bd/design_dma_sg/ipshared/7e3a/hdl/axi_infrastructure_v1_1_vl_rfs.v:60]
INFO: [Synth 8-638] synthesizing module 'axi_register_slice_v2_1_11_axic_register_slice__parameterized3' [c:/Users/kab/Desktop/workspace/dma_sg_prj/dma_sg_prj.srcs/sources_1/bd/design_dma_sg/ipshared/0b6b/hdl/axi_register_slice_v2_1_vl_rfs.v:85]
INFO: [Synth 8-256] done synthesizing module 'axi_register_slice_v2_1_11_axic_register_slice__parameterized3' (7#1) [c:/Users/kab/Desktop/workspace/dma_sg_prj/dma_sg_prj.srcs/sources_1/bd/design_dma_sg/ipshared/0b6b/hdl/axi_register_slice_v2_1_vl_rfs.v:85]
INFO: [Synth 8-638] synthesizing module 'axi_register_slice_v2_1_11_axic_register_slice__parameterized4' [c:/Users/kab/Desktop/workspace/dma_sg_prj/dma_sg_prj.srcs/sources_1/bd/design_dma_sg/ipshared/0b6b/hdl/axi_register_slice_v2_1_vl_rfs.v:85]
INFO: [Synth 8-256] done synthesizing module 'axi_register_slice_v2_1_11_axic_register_slice__parameterized4' (7#1) [c:/Users/kab/Desktop/workspace/dma_sg_prj/dma_sg_prj.srcs/sources_1/bd/design_dma_sg/ipshared/0b6b/hdl/axi_register_slice_v2_1_vl_rfs.v:85]
INFO: [Synth 8-638] synthesizing module 'axi_register_slice_v2_1_11_axic_register_slice__parameterized5' [c:/Users/kab/Desktop/workspace/dma_sg_prj/dma_sg_prj.srcs/sources_1/bd/design_dma_sg/ipshared/0b6b/hdl/axi_register_slice_v2_1_vl_rfs.v:85]
INFO: [Synth 8-256] done synthesizing module 'axi_register_slice_v2_1_11_axic_register_slice__parameterized5' (7#1) [c:/Users/kab/Desktop/workspace/dma_sg_prj/dma_sg_prj.srcs/sources_1/bd/design_dma_sg/ipshared/0b6b/hdl/axi_register_slice_v2_1_vl_rfs.v:85]
INFO: [Synth 8-638] synthesizing module 'axi_register_slice_v2_1_11_axic_register_slice__parameterized6' [c:/Users/kab/Desktop/workspace/dma_sg_prj/dma_sg_prj.srcs/sources_1/bd/design_dma_sg/ipshared/0b6b/hdl/axi_register_slice_v2_1_vl_rfs.v:85]
INFO: [Synth 8-256] done synthesizing module 'axi_register_slice_v2_1_11_axic_register_slice__parameterized6' (7#1) [c:/Users/kab/Desktop/workspace/dma_sg_prj/dma_sg_prj.srcs/sources_1/bd/design_dma_sg/ipshared/0b6b/hdl/axi_register_slice_v2_1_vl_rfs.v:85]
INFO: [Synth 8-638] synthesizing module 'axi_infrastructure_v1_1_0_vector2axi__parameterized0' [c:/Users/kab/Desktop/workspace/dma_sg_prj/dma_sg_prj.srcs/sources_1/bd/design_dma_sg/ipshared/7e3a/hdl/axi_infrastructure_v1_1_vl_rfs.v:474]
INFO: [Synth 8-256] done synthesizing module 'axi_infrastructure_v1_1_0_vector2axi__parameterized0' (7#1) [c:/Users/kab/Desktop/workspace/dma_sg_prj/dma_sg_prj.srcs/sources_1/bd/design_dma_sg/ipshared/7e3a/hdl/axi_infrastructure_v1_1_vl_rfs.v:474]
INFO: [Synth 8-256] done synthesizing module 'axi_register_slice_v2_1_11_axi_register_slice__parameterized0' (7#1) [c:/Users/kab/Desktop/workspace/dma_sg_prj/dma_sg_prj.srcs/sources_1/bd/design_dma_sg/ipshared/0b6b/hdl/axi_register_slice_v2_1_vl_rfs.v:791]
INFO: [Synth 8-256] done synthesizing module 'axi_dwidth_converter_v2_1_11_axi_upsizer' (8#1) [c:/Users/kab/Desktop/workspace/dma_sg_prj/dma_sg_prj.srcs/sources_1/bd/design_dma_sg/ipshared/a4c8/hdl/axi_dwidth_converter_v2_1_vlsyn_rfs.v:7037]
INFO: [Synth 8-256] done synthesizing module 'axi_dwidth_converter_v2_1_11_top' (9#1) [c:/Users/kab/Desktop/workspace/dma_sg_prj/dma_sg_prj.srcs/sources_1/bd/design_dma_sg/ipshared/a4c8/hdl/axi_dwidth_converter_v2_1_vlsyn_rfs.v:14452]
INFO: [Synth 8-256] done synthesizing module 'design_dma_sg_auto_us_1' (10#1) [c:/Users/kab/Desktop/workspace/dma_sg_prj/dma_sg_prj.srcs/sources_1/bd/design_dma_sg/ip/design_dma_sg_auto_us_1/synth/design_dma_sg_auto_us_1.v:58]
Finished RTL Elaboration : Time (s): cpu = 00:01:23 ; elapsed = 00:01:25 . Memory (MB): peak = 468.754 ; gain = 258.977
Finished RTL Optimization Phase 1 : Time (s): cpu = 00:01:23 ; elapsed = 00:01:25 . Memory (MB): peak = 468.754 ; gain = 258.977
INFO: [Device 21-403] Loading part xc7z020clg484-1
Constraint Validation Runtime : Time (s): cpu = 00:00:00 ; elapsed = 00:00:00.048 . Memory (MB): peak = 712.043 ; gain = 0.086
Finished Constraint Validation : Time (s): cpu = 00:01:32 ; elapsed = 00:01:34 . Memory (MB): peak = 712.043 ; gain = 502.266
Finished Loading Part and Timing Information : Time (s): cpu = 00:01:32 ; elapsed = 00:01:34 . Memory (MB): peak = 712.043 ; gain = 502.266
Finished applying 'set_property' XDC Constraints : Time (s): cpu = 00:01:32 ; elapsed = 00:01:34 . Memory (MB): peak = 712.043 ; gain = 502.266
Finished RTL Optimization Phase 2 : Time (s): cpu = 00:01:32 ; elapsed = 00:01:34 . Memory (MB): peak = 712.043 ; gain = 502.266
Finished Cross Boundary and Area Optimization : Time (s): cpu = 00:01:33 ; elapsed = 00:01:36 . Memory (MB): peak = 712.043 ; gain = 502.266
Finished Applying XDC Timing Constraints : Time (s): cpu = 00:01:42 ; elapsed = 00:01:45 . Memory (MB): peak = 712.043 ; gain = 502.266
Finished Timing Optimization : Time (s): cpu = 00:01:43 ; elapsed = 00:01:45 . Memory (MB): peak = 712.043 ; gain = 502.266
Finished Technology Mapping : Time (s): cpu = 00:01:43 ; elapsed = 00:01:46 . Memory (MB): peak = 712.043 ; gain = 502.266
Finished IO Insertion : Time (s): cpu = 00:01:44 ; elapsed = 00:01:46 . Memory (MB): peak = 712.043 ; gain = 502.266
Finished Renaming Generated Instances : Time (s): cpu = 00:01:44 ; elapsed = 00:01:46 . Memory (MB): peak = 712.043 ; gain = 502.266
Finished Rebuilding User Hierarchy : Time (s): cpu = 00:01:44 ; elapsed = 00:01:46 . Memory (MB): peak = 712.043 ; gain = 502.266
Finished Renaming Generated Ports : Time (s): cpu = 00:01:44 ; elapsed = 00:01:46 . Memory (MB): peak = 712.043 ; gain = 502.266
Finished Handling Custom Attributes : Time (s): cpu = 00:01:44 ; elapsed = 00:01:46 . Memory (MB): peak = 712.043 ; gain = 502.266
Finished Renaming Generated Nets : Time (s): cpu = 00:01:44 ; elapsed = 00:01:46 . Memory (MB): peak = 712.043 ; gain = 502.266

Report Cell Usage: 
+------+--------+------+
|      |Cell    |Count |
+------+--------+------+
|1     |LUT1    |     3|
|2     |LUT2    |    13|
|3     |LUT3    |    90|
|4     |LUT4    |    17|
|5     |LUT5    |    31|
|6     |LUT6    |   119|
|7     |SRLC32E |    28|
|8     |FDRE    |   320|
|9     |FDSE    |     2|
+------+--------+------+
Finished Writing Synthesis Report : Time (s): cpu = 00:01:44 ; elapsed = 00:01:46 . Memory (MB): peak = 712.043 ; gain = 502.266
synth_design: Time (s): cpu = 00:01:41 ; elapsed = 00:01:42 . Memory (MB): peak = 715.652 ; gain = 453.445
