09:53:32 INFO  : Registering command handlers for SDK TCF services
09:53:33 INFO  : Launching XSCT server: xsct.bat -interactive C:\Users\kab\Desktop\workspace\dma_sg_prj\dma_sg_prj.sdk\temp_xsdb_launch_script.tcl
09:53:34 INFO  : XSCT server has started successfully.
09:53:34 INFO  : Successfully done setting XSCT server connection channel  
09:53:34 INFO  : Successfully done setting SDK workspace  
09:53:34 INFO  : Processing command line option -hwspec C:/Users/kab/Desktop/workspace/dma_sg_prj/dma_sg_prj.sdk/design_dma_sg_wrapper.hdf.
09:55:31 INFO  : Connected to target on host '127.0.0.1' and port '3121'.
09:55:32 INFO  : 'targets -set -filter {jtag_cable_name =~ "Digilent Zed 210248570623" && level==0} -index 1' command is executed.
09:55:35 INFO  : FPGA configured successfully with bitstream "C:/Users/kab/Desktop/workspace/dma_sg_prj/dma_sg_prj.sdk/design_dma_sg_wrapper_hw_platform_0/design_dma_sg_wrapper.bit"
09:56:04 INFO  : 'targets -set -filter {jtag_cable_name =~ "Digilent Zed 210248570623" && level==0} -index 1' command is executed.
09:56:04 INFO  : 'fpga -state' command is executed.
09:56:04 INFO  : Connected to target on host '127.0.0.1' and port '3121'.
09:56:05 INFO  : Jtag cable 'Digilent Zed 210248570623' is selected.
09:56:05 INFO  : 'jtag frequency' command is executed.
09:56:05 INFO  : Sourcing of 'C:/Users/kab/Desktop/workspace/dma_sg_prj/dma_sg_prj.sdk/design_dma_sg_wrapper_hw_platform_0/ps7_init.tcl' is done.
09:56:05 INFO  : Context for 'APU' is selected.
09:56:05 INFO  : Hardware design information is loaded from 'C:/Users/kab/Desktop/workspace/dma_sg_prj/dma_sg_prj.sdk/design_dma_sg_wrapper_hw_platform_0/system.hdf'.
09:56:05 INFO  : Context for 'APU' is selected.
09:56:05 INFO  : 'stop' command is executed.
09:56:12 INFO  : 'ps7_init' command is executed.
09:56:12 INFO  : 'ps7_post_config' command is executed.
09:56:12 INFO  : Context for processor 'ps7_cortexa9_0' is selected.
09:56:13 INFO  : Processor reset is completed for 'ps7_cortexa9_0'.
09:56:13 INFO  : Context for processor 'ps7_cortexa9_0' is selected.
09:56:13 INFO  : The application 'C:/Users/kab/Desktop/workspace/dma_sg_prj/dma_sg_prj.sdk/dma_sg_mode/Debug/dma_sg_mode.elf' is downloaded to processor 'ps7_cortexa9_0'.
09:56:13 INFO  : ----------------XSDB Script----------------
connect -url tcp:127.0.0.1:3121
source C:/Users/kab/Desktop/workspace/dma_sg_prj/dma_sg_prj.sdk/design_dma_sg_wrapper_hw_platform_0/ps7_init.tcl
targets -set -nocase -filter {name =~"APU*" && jtag_cable_name =~ "Digilent Zed 210248570623"} -index 0
loadhw C:/Users/kab/Desktop/workspace/dma_sg_prj/dma_sg_prj.sdk/design_dma_sg_wrapper_hw_platform_0/system.hdf
targets -set -nocase -filter {name =~"APU*" && jtag_cable_name =~ "Digilent Zed 210248570623"} -index 0
stop
ps7_init
ps7_post_config
targets -set -nocase -filter {name =~ "ARM*#0" && jtag_cable_name =~ "Digilent Zed 210248570623"} -index 0
rst -processor
targets -set -nocase -filter {name =~ "ARM*#0" && jtag_cable_name =~ "Digilent Zed 210248570623"} -index 0
dow C:/Users/kab/Desktop/workspace/dma_sg_prj/dma_sg_prj.sdk/dma_sg_mode/Debug/dma_sg_mode.elf
----------------End of Script----------------

09:56:14 INFO  : Memory regions updated for context APU
09:56:14 INFO  : Context for processor 'ps7_cortexa9_0' is selected.
09:56:14 INFO  : 'con' command is executed.
09:56:14 INFO  : ----------------XSDB Script (After Launch)----------------
targets -set -nocase -filter {name =~ "ARM*#0" && jtag_cable_name =~ "Digilent Zed 210248570623"} -index 0
con
----------------End of Script----------------

09:56:14 INFO  : Launch script is exported to file 'C:\Users\kab\Desktop\workspace\dma_sg_prj\dma_sg_prj.sdk\.sdk\launch_scripts\xilinx_c-c++_application_(system_debugger)\debug_dma_sg_mode.tcl'
09:59:28 INFO  : Disconnected from the channel tcfchan#1.
